<?xml version="1.0" encoding="UTF-8"?>
<!-- Generated by org.testng.reporters.JUnitReportReporter -->
<testsuite hostname="DESKTOP-25A5VGP" failures="0" tests="1" name="com.marko.app.OrderTest" time="11.667" errors="0" timestamp="2022-09-14T22:26:02 CEST" skipped="0">
  <testcase classname="com.marko.app.OrderTest" name="allTests" time="11.667"/>
  <system-out/>
</testsuite> <!-- com.marko.app.OrderTest -->
