<?xml version="1.0" encoding="UTF-8"?>
<!-- Generated by org.testng.reporters.JUnitReportReporter -->
<testsuite hostname="DESKTOP-25A5VGP" failures="0" tests="2" name="com.marko.app.LoginTest" time="18.156" errors="0" timestamp="2022-09-15T16:10:32 CEST" skipped="0">
  <testcase classname="com.marko.app.LoginTest" name="loginUser" time="10.112"/>
  <system-out/>
  <testcase classname="com.marko.app.LoginTest" name="loginUser" time="8.044"/>
  <system-out/>
</testsuite> <!-- com.marko.app.LoginTest -->
