<?xml version="1.0" encoding="UTF-8"?>
<!-- Generated by org.testng.reporters.JUnitReportReporter -->
<testsuite hostname="DESKTOP-25A5VGP" failures="0" tests="1" name="com.marko.app.AddAndRemoveItem" time="8.839" errors="0" timestamp="2022-09-15T10:28:59 CEST" skipped="0">
  <testcase classname="com.marko.app.AddAndRemoveItem" name="addAndRemoveItme" time="8.839"/>
  <system-out/>
</testsuite> <!-- com.marko.app.AddAndRemoveItem -->
